Error key: v7_Export_multiple_7products_POST_401	Request name: v7_Export_multiple_7products	Method: POST	Response code: 401	URL: https://ebusiness-qa.it.abb.com/ebusiness/bff/api/v1/Availability	Error message: []	Request params: [{
   "showPrice":true,
   "excludeGetOrderMasterData":false,
   "onlyUrgentExpressDeliveryProducts":false,
   "productAvailabilities":[
      {
         "productCode":"2CSS245101R0104",
         "deliveryDateRequested":null,
         "quantity":10,
         "specialPriceAgreement":"",
         "itemNumber":"ba011455-1d87-4f7b-beb9-01fc2f4496c4"
      },
      {
         "productCode":"2CDS200912R0001",
         "deliveryDateRequested":null,
         "quantity":10,
         "specialPriceAgreement":"",
         "itemNumber":"ba021455-1d87-4f7b-beb9-01fc2f4496c4"
      },
       {
         "productCode":"2CDS200922R0001",
         "deliveryDateRequested":null,
         "quantity":10,
         "specialPriceAgreement":"",
         "itemNumber":"ba031455-1d87-4f7b-beb9-01fc2f4496c4"
      }, {
         "productCode":"2CSF202002R1250",
         "deliveryDateRequested":null,
         "quantity":10,
         "specialPriceAgreement":"",
         "itemNumber":"ba041455-1d87-4f7b-beb9-01fc2f4496c4"
      },
      {
         "productCode":"1SDA100554R1",
         "deliveryDateRequested":null,
         "quantity":10,
         "specialPriceAgreement":"",
         "itemNumber":"ba051455-1d87-4f7b-beb9-01fc2f4496c4"
      },
       {
         "productCode":"EC2060K",
         "deliveryDateRequested":null,
         "quantity":10,
         "specialPriceAgreement":"",
         "itemNumber":"ba061455-1d87-4f7b-beb9-01fc2f4496c4"
      },
       {
         "productCode":"M051690000",
         "deliveryDateRequested":null,
         "quantity":10,
         "specialPriceAgreement":"",
         "itemNumber":"ba071455-1d87-4f7b-beb9-01fc2f4496c4"
      }
   ]
}]	Headers: Connection: keep-alive Content-Type: application/json; charset=UTF-8 Content-Length: 1716 Host: ebusiness-qa.it.abb.com User-Agent: Apache-HttpClient/4.5.12 (Java/1.8.0_282) 	Response body: {title:Unable to get authorization info for the current user,status:401,traceId:00-c4e6f542fd4dc1439a526720bf25fee2-e811da0216ef2246-00}Unauthorized	
Error key: v7_Export_multiple_7products_POST_401	Request name: v7_Export_multiple_7products	Method: POST	Response code: 401	URL: https://ebusiness-qa.it.abb.com/ebusiness/bff/api/v1/Availability	Error message: []	Request params: [{
   "showPrice":true,
   "excludeGetOrderMasterData":false,
   "onlyUrgentExpressDeliveryProducts":false,
   "productAvailabilities":[
      {
         "productCode":"2CSS245101R0104",
         "deliveryDateRequested":null,
         "quantity":10,
         "specialPriceAgreement":"",
         "itemNumber":"ba011455-1d87-4f7b-beb9-01fc2f4496c4"
      },
      {
         "productCode":"2CDS200912R0001",
         "deliveryDateRequested":null,
         "quantity":10,
         "specialPriceAgreement":"",
         "itemNumber":"ba021455-1d87-4f7b-beb9-01fc2f4496c4"
      },
       {
         "productCode":"2CDS200922R0001",
         "deliveryDateRequested":null,
         "quantity":10,
         "specialPriceAgreement":"",
         "itemNumber":"ba031455-1d87-4f7b-beb9-01fc2f4496c4"
      }, {
         "productCode":"2CSF202002R1250",
         "deliveryDateRequested":null,
         "quantity":10,
         "specialPriceAgreement":"",
         "itemNumber":"ba041455-1d87-4f7b-beb9-01fc2f4496c4"
      },
      {
         "productCode":"1SDA100554R1",
         "deliveryDateRequested":null,
         "quantity":10,
         "specialPriceAgreement":"",
         "itemNumber":"ba051455-1d87-4f7b-beb9-01fc2f4496c4"
      },
       {
         "productCode":"EC2060K",
         "deliveryDateRequested":null,
         "quantity":10,
         "specialPriceAgreement":"",
         "itemNumber":"ba061455-1d87-4f7b-beb9-01fc2f4496c4"
      },
       {
         "productCode":"M051690000",
         "deliveryDateRequested":null,
         "quantity":10,
         "specialPriceAgreement":"",
         "itemNumber":"ba071455-1d87-4f7b-beb9-01fc2f4496c4"
      }
   ]
}]	Headers: Connection: keep-alive Content-Type: application/json; charset=UTF-8 Content-Length: 1716 Host: ebusiness-qa.it.abb.com User-Agent: Apache-HttpClient/4.5.12 (Java/1.8.0_282) 	Response body: {title:Unable to get authorization info for the current user,status:401,traceId:00-3ea2f96ab44aca4da65152fb049d9835-fcea1f073d7e774d-00}Unauthorized	
Error key: v7_Export_multiple_9products_POST_401	Request name: v7_Export_multiple_9products	Method: POST	Response code: 401	URL: https://ebusiness-qa.it.abb.com/ebusiness/bff/api/v1/Availability	Error message: []	Request params: [{
   "showPrice":true,
   "excludeGetOrderMasterData":false,
   "onlyUrgentExpressDeliveryProducts":false,
   "productAvailabilities":[
      {
         "productCode":"2CSS245101R0104",
         "deliveryDateRequested":null,
         "quantity":10,
         "specialPriceAgreement":"",
         "itemNumber":"ba011455-1d87-4f7b-beb9-01fc2f4496c4"
      },
      {
         "productCode":"2CDS200912R0001",
         "deliveryDateRequested":null,
         "quantity":10,
         "specialPriceAgreement":"",
         "itemNumber":"ba021455-1d87-4f7b-beb9-01fc2f4496c4"
      },
       {
         "productCode":"2CDS200922R0001",
         "deliveryDateRequested":null,
         "quantity":10,
         "specialPriceAgreement":"",
         "itemNumber":"ba031455-1d87-4f7b-beb9-01fc2f4496c4"
      },
      {
         "productCode":"2CDS274001R0505",
         "deliveryDateRequested":null,
         "quantity":10,
         "specialPriceAgreement":"",
         "itemNumber":"ba041455-1d87-4f7b-beb9-01fc2f4496c4"
      },
      {
         "productCode":"2CDG510012R0011",
         "deliveryDateRequested":null,
         "quantity":10,
         "specialPriceAgreement":"",
         "itemNumber":"ba051455-1d87-4f7b-beb9-01fc2f4496c4"
      },
       {
         "productCode":"2CSF202002R1250",
         "deliveryDateRequested":null,
         "quantity":10,
         "specialPriceAgreement":"",
         "itemNumber":"ba061455-1d87-4f7b-beb9-01fc2f4496c4"
      },
       {
         "productCode":"1SDA100554R1",
         "deliveryDateRequested":null,
         "quantity":10,
         "specialPriceAgreement":"",
         "itemNumber":"ba071455-1d87-4f7b-beb9-01fc2f4496c4"
      },
       {
         "productCode":"EC2060K",
         "deliveryDateRequested":null,
         "quantity":10,
         "specialPriceAgreement":"",
         "itemNumber":"ba081455-1d87-4f7b-beb9-01fc2f4496c4"
      },
       {
         "productCode":"M051690000",
         "deliveryDateRequested":null,
         "quantity":10,
         "specialPriceAgreement":"",
         "itemNumber":"ba091455-1d87-4f7b-beb9-01fc2f4496c4"
      }
   ]
}]	Headers: Connection: keep-alive Content-Type: application/json; charset=UTF-8 Content-Length: 2179 Host: ebusiness-qa.it.abb.com User-Agent: Apache-HttpClient/4.5.12 (Java/1.8.0_282) 	Response body: {title:Unable to get authorization info for the current user,status:401,traceId:00-cab320566f4f3d4496e4c705e7784998-96e0650a852c4141-00}Unauthorized	
